AndroidRivers-master/proguard_logs/mapping.txt
com.silverkeytech.android_rivers.DownloadFeed$onPreExecute$1 -> com.silverkeytech.android_rivers.bx:
    com.silverkeytech.android_rivers.DownloadFeed this$0 -> a
    java.lang.Object invoke(java.lang.Object) -> a
    void invoke(android.content.DialogInterface) -> a
com.silverkeytech.android_rivers.DownloadImage -> com.silverkeytech.android_rivers.by:
    org.holoeverywhere.app.Activity context -> b
    com.silverkeytech.android_rivers.InfinityProgressDialog dialog -> c
    com.silverkeytech.android_rivers.DownloadImage$object object$ -> a
    void onPreExecute() -> onPreExecute
    com.silverkeytech.android_rivers.Result doInBackground(java.lang.String[]) -> a
    java.lang.Object doInBackground(java.lang.Object[]) -> doInBackground
    void onPostExecute(com.silverkeytech.android_rivers.Result) -> a
    void onPostExecute(java.lang.Object) -> onPostExecute
com.silverkeytech.android_rivers.DownloadImage$object -> com.silverkeytech.android_rivers.bz:
    java.lang.String TAG -> a
    java.lang.String getTAG() -> a
com.silverkeytech.android_rivers.DownloadImage$onPostExecute$1 -> com.silverkeytech.android_rivers.ca:
    com.silverkeytech.android_rivers.DownloadImage this$0 -> a
    jet.runtime.SharedVar$Object $bmp -> b
    void onClick(android.content.DialogInterface,int) -> onClick
com.silverkeytech.android_rivers.DownloadImage$onPreExecute$1 -> com.silverkeytech.android_rivers.cb:
    com.silverkeytech.android_rivers.DownloadImage this$0 -> a
    java.lang.Object invoke(java.lang.Object) -> a
    void invoke(android.content.DialogInterface) -> a
com.silverkeytech.android_rivers.DownloadOpml -> com.silverkeytech.android_rivers.cc:
    org.holoeverywhere.app.Activity context -> b
    com.silverkeytech.android_rivers.InfinityProgressDialog dialog -> c
    jet.Function1 rawCallback -> d
    jet.Function1 processedCallBack -> e
    jet.Function1 processingFilter -> f
    com.silverkeytech.android_rivers.DownloadOpml$object object$ -> a
    void onPreExecute() -> onPreExecute
    kotlin.Pair doInBackground(java.lang.String[]) -> a
    java.lang.Object doInBackground(java.lang.Object[]) -> doInBackground
    void onPostExecute(kotlin.Pair) -> a
    void onPostExecute(java.lang.Object) -> onPostExecute
    com.silverkeytech.android_rivers.DownloadOpml executeOnProcessedCompletion(jet.Function1,jet.Function1) -> a
com.silverkeytech.android_rivers.DownloadOpml$object -> com.silverkeytech.android_rivers.cd:
    java.lang.String TAG -> a
    java.lang.String getTAG() -> a
com.silverkeytech.android_rivers.DownloadOpml$onPreExecute$1 -> com.silverkeytech.android_rivers.ce:
    com.silverkeytech.android_rivers.DownloadOpml this$0 -> a
    java.lang.Object invoke(java.lang.Object) -> a
    void invoke(android.content.DialogInterface) -> a
com.silverkeytech.android_rivers.DownloadRiverContent -> com.silverkeytech.android_rivers.cf:
    org.holoeverywhere.app.Activity context -> b
    com.silverkeytech.android_rivers.InfinityProgressDialog dialog -> c
    java.lang.String url -> d
    jet.Function2 rawCallback -> e
    java.lang.String language -> f
    com.silverkeytech.android_rivers.DownloadRiverContent$object object$ -> a
    void onPreExecute() -> onPreExecute
    com.silverkeytech.android_rivers.DownloadRiverContent executeOnComplete(jet.Function2) -> a
    com.silverkeytech.android_rivers.Result doInBackground(java.lang.String[]) -> a
    java.lang.Object doInBackground(java.lang.Object[]) -> doInBackground
    void onPostExecute(com.silverkeytech.android_rivers.Result) -> a
    void onPostExecute(java.lang.Object) -> onPostExecute
com.silverkeytech.android_rivers.DownloadRiverContent$object -> com.silverkeytech.android_rivers.cg:
    java.lang.String TAG -> a
    java.lang.String getTAG() -> a